<?xml version="1.0" encoding="UTF-8"?>
<!-- Generated by org.testng.reporters.JUnitReportReporter -->
<testsuite hostname="LAPTOP-TUN1U03P" failures="0" tests="3" name="testcases.OpenAccountTest" time="25.721" errors="0" timestamp="18 Oct 2022 08:57:13 GMT" skipped="0">
  <testcase classname="testcases.OpenAccountTest" name="openAccountTest" time="6.748"/>
  <testcase classname="testcases.OpenAccountTest" name="openAccountTest" time="9.885"/>
  <testcase classname="testcases.OpenAccountTest" name="openAccountTest" time="9.088"/>
</testsuite> <!-- testcases.OpenAccountTest -->
