<?xml version="1.0" encoding="UTF-8"?>
<!-- Generated by org.testng.reporters.JUnitReportReporter -->
<testsuite hostname="LAPTOP-TUN1U03P" failures="0" tests="1" name="testcases.BankManagerLoginTest" time="7.748" errors="0" timestamp="18 Oct 2022 08:57:13 GMT" skipped="0">
  <testcase classname="testcases.BankManagerLoginTest" name="loginAsBankManager" time="7.748"/>
</testsuite> <!-- testcases.BankManagerLoginTest -->
