<?xml version="1.0" encoding="UTF-8"?>
<!-- Generated by org.testng.reporters.JUnitReportReporter -->
<testsuite hostname="LAPTOP-TUN1U03P" failures="0" tests="2" name="testcases.UserRegTest" time="15.815" errors="0" timestamp="05 Oct 2022 09:45:37 GMT" skipped="0">
  <testcase classname="testcases.UserRegTest" name="doGmailLogin2" time="9.758"/>
  <testcase classname="testcases.UserRegTest" name="doLogin2" time="6.057"/>
</testsuite> <!-- testcases.UserRegTest -->
