<?xml version="1.0" encoding="UTF-8"?>
<!-- Generated by org.testng.reporters.JUnitReportReporter -->
<testsuite hostname="LAPTOP-TUN1U03P" failures="0" tests="3" name="testcases.AddCustomerTest" time="17.805" errors="0" timestamp="18 Oct 2022 08:57:13 GMT" skipped="1">
  <testcase classname="testcases.AddCustomerTest" name="addCustomerTest" time="10.512"/>
  <testcase classname="testcases.AddCustomerTest" name="addCustomerTest" time="6.625"/>
  <testcase classname="testcases.AddCustomerTest" name="addCustomerTest" time="0.668">
    <skipped/>
  </testcase> <!-- addCustomerTest -->
</testsuite> <!-- testcases.AddCustomerTest -->
