<?xml version="1.0" encoding="UTF-8"?>
<!-- Generated by org.testng.reporters.JUnitReportReporter -->
<testsuite hostname="LAPTOP-TUN1U03P" failures="0" tests="2" name="testcases.LoginTest" time="18.886" errors="0" timestamp="05 Oct 2022 09:45:37 GMT" skipped="0">
  <testcase classname="testcases.LoginTest" name="doGmailLogin" time="13.336"/>
  <testcase classname="testcases.LoginTest" name="doLogin" time="5.550"/>
</testsuite> <!-- testcases.LoginTest -->
